Using CATALINA_BASE:   /home/feel/console/tomcat6
Using CATALINA_HOME:   /home/feel/console/tomcat6
Using CATALINA_TMPDIR: /home/feel/console/tomcat6/temp
Using JRE_HOME:        /home/feel/console/jdk1.6.0_13
Using CLASSPATH:       /home/feel/console/tomcat6/bin/bootstrap.jar
Using CATALINA_BASE:   /home/feel/console/tomcat6
Using CATALINA_HOME:   /home/feel/console/tomcat6
Using CATALINA_TMPDIR: /home/feel/console/tomcat6/temp
Using JRE_HOME:        /home/feel/console/jdk1.6.0_13
Using CLASSPATH:       /home/feel/console/tomcat6/bin/bootstrap.jar
Using CATALINA_BASE:   /home/feel/console/tomcat6
Using CATALINA_HOME:   /home/feel/console/tomcat6
Using CATALINA_TMPDIR: /home/feel/console/tomcat6/temp
Using JRE_HOME:        /home/feel/console/jdk1.6.0_13
Using CLASSPATH:       /home/feel/console/tomcat6/bin/bootstrap.jar
Using CATALINA_BASE:   /home/feel/console/tomcat6
Using CATALINA_HOME:   /home/feel/console/tomcat6
Using CATALINA_TMPDIR: /home/feel/console/tomcat6/temp
Using JRE_HOME:        /home/feel/console/jdk1.6.0_13
Using CLASSPATH:       /home/feel/console/tomcat6/bin/bootstrap.jar
Using CATALINA_BASE:   /home/feel/console/tomcat6
Using CATALINA_HOME:   /home/feel/console/tomcat6
Using CATALINA_TMPDIR: /home/feel/console/tomcat6/temp
Using JRE_HOME:        /home/feel/console/jdk1.6.0_13
Using CLASSPATH:       /home/feel/console/tomcat6/bin/bootstrap.jar
Using CATALINA_BASE:   /home/feel/console/tomcat6
Using CATALINA_HOME:   /home/feel/console/tomcat6
Using CATALINA_TMPDIR: /home/feel/console/tomcat6/temp
Using JRE_HOME:        /home/feel/console/jdk1.6.0_13
Using CLASSPATH:       /home/feel/console/tomcat6/bin/bootstrap.jar
Using CATALINA_BASE:   /home/feel/console/tomcat6
Using CATALINA_HOME:   /home/feel/console/tomcat6
Using CATALINA_TMPDIR: /home/feel/console/tomcat6/temp
Using JRE_HOME:        /home/feel/console/jdk1.6.0_13
Using CLASSPATH:       /home/feel/console/tomcat6/bin/bootstrap.jar
