20151125 16:28:24.420 Can go to 10002
20151125 16:28:24.421 In the Status is [58] parts
20151125 16:28:24.422 Value at [0] is [10002]
20151125 16:28:24.423 Value at [1] is [0402]
20151125 16:28:24.424 Value at [2] is [01G21L]
20151125 16:28:24.424 Value at [3] is [10000010]
20151125 16:28:24.425 Value at [4] is [0]
20151125 16:28:24.426 Value at [5] is [Admin]
20151125 16:28:24.427 Value at [6] is [0]
20151125 16:28:24.428 Value at [7] is [ ]
20151125 16:28:24.429 Value at [8] is [0]
20151125 16:28:24.429 Value at [9] is [ ]
20151125 16:28:24.430 Value at [10] is [3]
20151125 16:28:24.431 Value at [11] is [ ]
20151125 16:28:24.432 Value at [12] is [0]
20151125 16:28:24.432 Value at [13] is [ ]
20151125 16:28:24.433 Value at [14] is [3]
20151125 16:28:24.434 Value at [15] is [ ]
20151125 16:28:24.435 Value at [16] is [0]
20151125 16:28:24.436 Value at [17] is [ ]
20151125 16:28:24.436 Value at [18] is [0]
20151125 16:28:24.437 Value at [19] is [ ]
20151125 16:28:24.438 Value at [20] is [3]
20151125 16:28:24.439 Value at [21] is [ ]
20151125 16:28:24.439 Value at [22] is [0]
20151125 16:28:24.440 Value at [23] is [ ]
20151125 16:28:24.441 Value at [24] is [0]
20151125 16:28:24.441 Value at [25] is [ ]
20151125 16:28:24.442 Value at [26] is [0]
20151125 16:28:24.443 Value at [27] is [ ]
20151125 16:28:24.443 Value at [28] is [0]
20151125 16:28:24.444 Value at [29] is [ ]
20151125 16:28:24.445 Value at [30] is [0]
20151125 16:28:24.445 Value at [31] is [ ]
20151125 16:28:24.446 Value at [32] is [0]
20151125 16:28:24.447 Value at [33] is [ ]
20151125 16:28:24.448 Value at [34] is [9]
20151125 16:28:24.449 Value at [35] is [ ]
20151125 16:28:24.450 Value at [36] is [00013]
20151125 16:28:24.451 Value at [37] is [3]
20151125 16:28:24.451 Value at [38] is [ ]
20151125 16:28:24.452 Value at [39] is [023]
20151125 16:28:24.453 Value at [40] is [1$2$1$2$3$3$]
20151125 16:28:24.454 Value at [41] is [0$0$0$0$0$0$]
20151125 16:28:24.454 Value at [42] is [20000$100000$50000$500000$0$0$]
20151125 16:28:24.455 Value at [43] is [VND$VND$VND$VND$VND$VND$]
20151125 16:28:24.456 Value at [44] is [100$0$300$166$0$0$]
20151125 16:28:24.457 Value at [45] is [0$0$0$0$0$0$]
20151125 16:28:24.457 Value at [46] is [0$0$88$0$0$0$]
20151125 16:28:24.458 Value at [47] is [20130926120000]
20151125 16:28:24.459 Value at [48] is [20130926120000]
20151125 16:28:24.460 Value at [49] is [0$0$0$0$0$0$]
20151125 16:28:24.460 Value at [50] is [010]
20151125 16:28:24.461 Value at [51] is [5$0$2$3$0$0$]
20151125 16:28:24.462 Value at [52] is [0$0$0$0$0$0$]
20151125 16:28:24.462 Value at [53] is []
20151125 16:28:24.463 Value at [54] is []
20151125 16:28:24.464 Value at [55] is []
20151125 16:28:24.465 Value at [56] is []
20151125 16:28:24.465 Value at [57] is []
20151125 16:28:24.466 In the Status 2 is [58] parts
20151125 16:31:13.046 Can go to 10002
20151125 16:31:13.047 In the Status is [58] parts
20151125 16:31:13.051 Value at [0] is [10002]
20151125 16:31:13.053 Value at [1] is [0402]
20151125 16:31:13.053 Value at [2] is [01G21L]
20151125 16:31:13.054 Value at [3] is [10000010]
20151125 16:31:13.056 Value at [4] is [0]
20151125 16:31:13.062 Value at [5] is [Admin]
20151125 16:31:13.063 Value at [6] is [0]
20151125 16:31:13.064 Value at [7] is [ ]
20151125 16:31:13.066 Value at [8] is [0]
20151125 16:31:13.067 Value at [9] is [ ]
20151125 16:31:13.068 Value at [10] is [3]
20151125 16:31:13.071 Value at [11] is [ ]
20151125 16:31:13.072 Value at [12] is [0]
20151125 16:31:13.073 Value at [13] is [ ]
20151125 16:31:13.082 Value at [14] is [3]
20151125 16:31:13.083 Value at [15] is [ ]
20151125 16:31:13.084 Value at [16] is [0]
20151125 16:31:13.085 Value at [17] is [ ]
20151125 16:31:13.086 Value at [18] is [0]
20151125 16:31:13.091 Value at [19] is [ ]
20151125 16:31:13.093 Value at [20] is [3]
20151125 16:31:13.096 Value at [21] is [ ]
20151125 16:31:13.100 Value at [22] is [0]
20151125 16:31:13.106 Value at [23] is [ ]
20151125 16:31:13.109 Value at [24] is [0]
20151125 16:31:13.110 Value at [25] is [ ]
20151125 16:31:13.112 Value at [26] is [0]
20151125 16:31:13.117 Value at [27] is [ ]
20151125 16:31:13.118 Value at [28] is [0]
20151125 16:31:13.118 Value at [29] is [ ]
20151125 16:31:13.121 Value at [30] is [0]
20151125 16:31:13.122 Value at [31] is [ ]
20151125 16:31:13.129 Value at [32] is [0]
20151125 16:31:13.130 Value at [33] is [ ]
20151125 16:31:13.130 Value at [34] is [9]
20151125 16:31:13.131 Value at [35] is [ ]
20151125 16:31:13.132 Value at [36] is [00013]
20151125 16:31:13.133 Value at [37] is [3]
20151125 16:31:13.134 Value at [38] is [ ]
20151125 16:31:13.135 Value at [39] is [023]
20151125 16:31:13.135 Value at [40] is [1$2$1$2$3$3$]
20151125 16:31:13.136 Value at [41] is [0$0$0$0$0$0$]
20151125 16:31:13.136 Value at [42] is [20000$100000$50000$500000$0$0$]
20151125 16:31:13.137 Value at [43] is [VND$VND$VND$VND$VND$VND$]
20151125 16:31:13.138 Value at [44] is [100$0$300$166$0$0$]
20151125 16:31:13.138 Value at [45] is [0$0$0$0$0$0$]
20151125 16:31:13.139 Value at [46] is [0$0$88$0$0$0$]
20151125 16:31:13.139 Value at [47] is [20130926120000]
20151125 16:31:13.140 Value at [48] is [20130926120000]
20151125 16:31:13.141 Value at [49] is [0$0$0$0$0$0$]
20151125 16:31:13.141 Value at [50] is [010]
20151125 16:31:13.142 Value at [51] is [5$0$2$3$0$0$]
20151125 16:31:13.143 Value at [52] is [0$0$0$0$0$0$]
20151125 16:31:13.143 Value at [53] is []
20151125 16:31:13.144 Value at [54] is []
20151125 16:31:13.144 Value at [55] is []
20151125 16:31:13.145 Value at [56] is []
20151125 16:31:13.146 Value at [57] is []
20151125 16:31:13.146 In the Status 2 is [58] parts
20151125 16:34:04.741 Can go to 10002
20151125 16:34:04.741 In the Status is [58] parts
20151125 16:34:04.742 Value at [0] is [10002]
20151125 16:34:04.743 Value at [1] is [0402]
20151125 16:34:04.743 Value at [2] is [01G21L]
20151125 16:34:04.744 Value at [3] is [10000010]
20151125 16:34:04.745 Value at [4] is [0]
20151125 16:34:04.745 Value at [5] is [Admin]
20151125 16:34:04.746 Value at [6] is [0]
20151125 16:34:04.747 Value at [7] is [ ]
20151125 16:34:04.748 Value at [8] is [0]
20151125 16:34:04.748 Value at [9] is [ ]
20151125 16:34:04.749 Value at [10] is [3]
20151125 16:34:04.750 Value at [11] is [ ]
20151125 16:34:04.750 Value at [12] is [0]
20151125 16:34:04.751 Value at [13] is [ ]
20151125 16:34:04.752 Value at [14] is [3]
20151125 16:34:04.752 Value at [15] is [ ]
20151125 16:34:04.753 Value at [16] is [0]
20151125 16:34:04.754 Value at [17] is [ ]
20151125 16:34:04.755 Value at [18] is [0]
20151125 16:34:04.756 Value at [19] is [ ]
20151125 16:34:04.756 Value at [20] is [3]
20151125 16:34:04.757 Value at [21] is [ ]
20151125 16:34:04.758 Value at [22] is [0]
20151125 16:34:04.759 Value at [23] is [ ]
20151125 16:34:04.759 Value at [24] is [0]
20151125 16:34:04.760 Value at [25] is [ ]
20151125 16:34:04.760 Value at [26] is [0]
20151125 16:34:04.761 Value at [27] is [ ]
20151125 16:34:04.762 Value at [28] is [0]
20151125 16:34:04.763 Value at [29] is [ ]
20151125 16:34:04.763 Value at [30] is [0]
20151125 16:34:04.764 Value at [31] is [ ]
20151125 16:34:04.765 Value at [32] is [0]
20151125 16:34:04.766 Value at [33] is [ ]
20151125 16:34:04.767 Value at [34] is [9]
20151125 16:34:04.767 Value at [35] is [ ]
20151125 16:34:04.768 Value at [36] is [00013]
20151125 16:34:04.769 Value at [37] is [3]
20151125 16:34:04.770 Value at [38] is [ ]
20151125 16:34:04.771 Value at [39] is [023]
20151125 16:34:04.772 Value at [40] is [1$2$1$2$3$3$]
20151125 16:34:04.772 Value at [41] is [0$0$0$0$0$0$]
20151125 16:34:04.773 Value at [42] is [20000$100000$50000$500000$0$0$]
20151125 16:34:04.774 Value at [43] is [VND$VND$VND$VND$VND$VND$]
20151125 16:34:04.774 Value at [44] is [100$0$300$166$0$0$]
20151125 16:34:04.775 Value at [45] is [0$0$0$0$0$0$]
20151125 16:34:04.776 Value at [46] is [0$0$88$0$0$0$]
20151125 16:34:04.777 Value at [47] is [20130926120000]
20151125 16:34:04.777 Value at [48] is [20130926120000]
20151125 16:34:04.778 Value at [49] is [0$0$0$0$0$0$]
20151125 16:34:04.778 Value at [50] is [010]
20151125 16:34:04.779 Value at [51] is [5$0$2$3$0$0$]
20151125 16:34:04.780 Value at [52] is [0$0$0$0$0$0$]
20151125 16:34:04.781 Value at [53] is []
20151125 16:34:04.781 Value at [54] is []
20151125 16:34:04.782 Value at [55] is []
20151125 16:34:04.783 Value at [56] is []
20151125 16:34:04.784 Value at [57] is []
20151125 16:34:04.784 In the Status 2 is [58] parts
20151125 16:36:14.055 Can go to 10002
20151125 16:36:14.055 In the Status is [58] parts
20151125 16:36:14.056 Value at [0] is [10002]
20151125 16:36:14.057 Value at [1] is [0402]
20151125 16:36:14.058 Value at [2] is [01G21L]
20151125 16:36:14.058 Value at [3] is [10000010]
20151125 16:36:14.059 Value at [4] is [0]
20151125 16:36:14.060 Value at [5] is [Admin]
20151125 16:36:14.061 Value at [6] is [0]
20151125 16:36:14.062 Value at [7] is [ ]
20151125 16:36:14.062 Value at [8] is [0]
20151125 16:36:14.063 Value at [9] is [ ]
20151125 16:36:14.064 Value at [10] is [3]
20151125 16:36:14.064 Value at [11] is [ ]
20151125 16:36:14.065 Value at [12] is [0]
20151125 16:36:14.066 Value at [13] is [ ]
20151125 16:36:14.066 Value at [14] is [3]
20151125 16:36:14.067 Value at [15] is [ ]
20151125 16:36:14.067 Value at [16] is [0]
20151125 16:36:14.068 Value at [17] is [ ]
20151125 16:36:14.069 Value at [18] is [0]
20151125 16:36:14.070 Value at [19] is [ ]
20151125 16:36:14.070 Value at [20] is [3]
20151125 16:36:14.071 Value at [21] is [ ]
20151125 16:36:14.072 Value at [22] is [0]
20151125 16:36:14.074 Value at [23] is [ ]
20151125 16:36:14.074 Value at [24] is [0]
20151125 16:36:14.075 Value at [25] is [ ]
20151125 16:36:14.076 Value at [26] is [0]
20151125 16:36:14.078 Value at [27] is [ ]
20151125 16:36:14.079 Value at [28] is [0]
20151125 16:36:14.080 Value at [29] is [ ]
20151125 16:36:14.081 Value at [30] is [0]
20151125 16:36:14.081 Value at [31] is [ ]
20151125 16:36:14.083 Value at [32] is [0]
20151125 16:36:14.083 Value at [33] is [ ]
20151125 16:36:14.084 Value at [34] is [9]
20151125 16:36:14.085 Value at [35] is [ ]
20151125 16:36:14.086 Value at [36] is [00013]
20151125 16:36:14.086 Value at [37] is [3]
20151125 16:36:14.087 Value at [38] is [ ]
20151125 16:36:14.088 Value at [39] is [023]
20151125 16:36:14.089 Value at [40] is [1$2$1$2$3$3$]
20151125 16:36:14.089 Value at [41] is [0$0$0$0$0$0$]
20151125 16:36:14.090 Value at [42] is [20000$100000$50000$500000$0$0$]
20151125 16:36:14.090 Value at [43] is [VND$VND$VND$VND$VND$VND$]
20151125 16:36:14.091 Value at [44] is [100$0$300$166$0$0$]
20151125 16:36:14.092 Value at [45] is [0$0$0$0$0$0$]
20151125 16:36:14.093 Value at [46] is [0$0$88$0$0$0$]
20151125 16:36:14.093 Value at [47] is [20130926120000]
20151125 16:36:14.094 Value at [48] is [20130926120000]
20151125 16:36:14.095 Value at [49] is [0$0$0$0$0$0$]
20151125 16:36:14.095 Value at [50] is [010]
20151125 16:36:14.097 Value at [51] is [5$0$2$3$0$0$]
20151125 16:36:14.098 Value at [52] is [0$0$0$0$0$0$]
20151125 16:36:14.098 Value at [53] is []
20151125 16:36:14.099 Value at [54] is []
20151125 16:36:14.100 Value at [55] is []
20151125 16:36:14.101 Value at [56] is []
20151125 16:36:14.101 Value at [57] is []
20151125 16:36:14.102 In the Status 2 is [58] parts
20151125 16:40:23.149 Event Connect
20151125 16:40:23.170 Connect User: [feel]
20151125 16:40:24.584 jdbc 2.0:retNum=[0]6
20151125 16:40:24.585 retNum=[0]6
20151125 16:40:24.586 sql=[select C_TERMID as tmid,c_time as opdt,c_code as uscd,c_msg as clnm,C_SOLVE_TIME as cuno,C_USERID as cdtp from T_TML_EVENT where (C_SOLVE_MSG <=' ' or C_SOLVE_MSG is null) and (C_USERID <'A' or C_USERID is null)]
20151125 16:40:24.586 ccas.Mysql:selectSql:2749:0
20151125 16:40:24.587 ==Processing time:1417 ms==
20151125 16:40:24.588 ==Processing time:1418 ms==
20151125 16:40:24.588 ==Processing time:1418 ms==
20151125 16:42:03.234 Can go to 10002
20151125 16:42:03.235 In the Status is [58] parts
20151125 16:42:03.236 Value at [0] is [10002]
20151125 16:42:03.236 Value at [1] is [0402]
20151125 16:42:03.237 Value at [2] is [01G21L]
20151125 16:42:03.238 Value at [3] is [10000010]
20151125 16:42:03.239 Value at [4] is [0]
20151125 16:42:03.240 Value at [5] is [Admin]
20151125 16:42:03.241 Value at [6] is [0]
20151125 16:42:03.242 Value at [7] is [ ]
20151125 16:42:03.242 Value at [8] is [0]
20151125 16:42:03.243 Value at [9] is [ ]
20151125 16:42:03.244 Value at [10] is [3]
20151125 16:42:03.245 Value at [11] is [ ]
20151125 16:42:03.246 Value at [12] is [0]
20151125 16:42:03.247 Value at [13] is [ ]
20151125 16:42:03.247 Value at [14] is [3]
20151125 16:42:03.248 Value at [15] is [ ]
20151125 16:42:03.249 Value at [16] is [0]
20151125 16:42:03.250 Value at [17] is [ ]
20151125 16:42:03.251 Value at [18] is [0]
20151125 16:42:03.251 Value at [19] is [ ]
20151125 16:42:03.252 Value at [20] is [3]
20151125 16:42:03.253 Value at [21] is [ ]
20151125 16:42:03.254 Value at [22] is [0]
20151125 16:42:03.255 Value at [23] is [ ]
20151125 16:42:03.256 Value at [24] is [0]
20151125 16:42:03.256 Value at [25] is [ ]
20151125 16:42:03.257 Value at [26] is [0]
20151125 16:42:03.258 Value at [27] is [ ]
20151125 16:42:03.258 Value at [28] is [0]
20151125 16:42:03.259 Value at [29] is [ ]
20151125 16:42:03.260 Value at [30] is [0]
20151125 16:42:03.261 Value at [31] is [ ]
20151125 16:42:03.263 Value at [32] is [0]
20151125 16:42:03.264 Value at [33] is [ ]
20151125 16:42:03.264 Value at [34] is [9]
20151125 16:42:03.265 Value at [35] is [ ]
20151125 16:42:03.266 Value at [36] is [00013]
20151125 16:42:03.267 Value at [37] is [3]
20151125 16:42:03.268 Value at [38] is [ ]
20151125 16:42:03.269 Value at [39] is [023]
20151125 16:42:03.270 Value at [40] is [1$2$1$2$3$3$]
20151125 16:42:03.271 Value at [41] is [0$0$0$0$0$0$]
20151125 16:42:03.272 Value at [42] is [20000$100000$50000$500000$0$0$]
20151125 16:42:03.273 Value at [43] is [VND$VND$VND$VND$VND$VND$]
20151125 16:42:03.273 Value at [44] is [100$0$300$166$0$0$]
20151125 16:42:03.274 Value at [45] is [0$0$0$0$0$0$]
20151125 16:42:03.275 Value at [46] is [0$0$88$0$0$0$]
20151125 16:42:03.275 Value at [47] is [20130926120000]
20151125 16:42:03.276 Value at [48] is [20130926120000]
20151125 16:42:03.276 Value at [49] is [0$0$0$0$0$0$]
20151125 16:42:03.277 Value at [50] is [010]
20151125 16:42:03.278 Value at [51] is [5$0$2$3$0$0$]
20151125 16:42:03.279 Value at [52] is [0$0$0$0$0$0$]
20151125 16:42:03.279 Value at [53] is []
20151125 16:42:03.280 Value at [54] is []
20151125 16:42:03.280 Value at [55] is []
20151125 16:42:03.281 Value at [56] is []
20151125 16:42:03.281 Value at [57] is []
20151125 16:42:03.282 In the Status 2 is [58] parts
20151125 16:42:03.742 Event Connect
20151125 16:42:03.753 Event Connect
20151125 16:42:03.762 Connect User: [feel]
20151125 16:42:03.768 Connect User: [feel]
20151125 16:42:03.773 jdbc 2.0:retNum=[2]6
20151125 16:42:03.774 jdbc 2.0:retNum=[2]6
20151125 16:42:03.777 sql=[select C_TERMID as tmid,c_time as opdt,c_code as uscd,c_msg as clnm,C_SOLVE_TIME as cuno,C_USERID as cdtp from T_TML_EVENT where (C_SOLVE_MSG <=' ' or C_SOLVE_MSG is null) and (C_USERID <'A' or C_USERID is null)]
20151125 16:42:03.778 sql=[select C_TERMID as tmid,c_time as opdt,c_code as uscd,c_msg as clnm,C_SOLVE_TIME as cuno,C_USERID as cdtp from T_TML_EVENT where (C_SOLVE_MSG <=' ' or C_SOLVE_MSG is null) and (C_USERID <'A' or C_USERID is null)]
20151125 16:42:03.779 ccas.Mysql:selectSql:2749:2
20151125 16:42:03.779 ==Processing time:17 ms==
20151125 16:42:03.780 ccas.Mysql:selectSql:2749:2
20151125 16:42:03.780 ==Processing time:18 ms==
20151125 16:42:03.781 ==Processing time:18 ms==
20151125 16:42:03.783 ==Processing time:19 ms==
20151125 16:42:03.970 e=java.sql.SQLException: No ResultSet
20151125 16:42:03.971 ,errorcode=0
20151125 16:42:03.971 ,getMessage=No ResultSet
20151125 16:42:03.972 ,Exception=java.sql.SQLException: No ResultSet
20151125 16:42:03.972 sql=[null]5
20151125 16:42:03.973 where=null
20151125 16:42:03.973 Jdbc-Url:jdbc:oracle:thin:@192.168.11.186:1521:feel
20151125 16:42:03.978 ccas.Mysql:getValueFromMetaRst:1207,conum=[5]...
20151125 16:42:03.978 DataSource init successful,DriverName=Oracle JDBC driver,11.1.0.7.0-Production
20151125 16:42:03.979 ==Processing time:196 ms==
20151125 16:42:03.979 ==Processing time:197 ms==
20151125 16:42:03.980 Mysql init1 error: java.lang.NullPointerException
20151125 16:42:03.980 java.lang.NullPointerException
20151125 16:42:03.981 ccas.Mysql:getRowSql:1246:select C_ROLE as cunm,c_time as cldt,C_ADVICETYPE as idtp,I_SENDCOUNT as num,I_SENDINTERVAL as anum from T_ADVICEPOLICY where C_TERMID='10000010' and C_CODE='A0812'
20151125 16:42:03.981 ==Processing time:199 ms==
20151125 16:42:03.982 ccas.Mysql:getRowSql:1246:select C_ROLE as cunm,c_time as cldt,C_ADVICETYPE as idtp,I_SENDCOUNT as num,I_SENDINTERVAL as anum from T_ADVICEPOLICY where C_TERMID='10000010' and C_CODE='A0812'
20151125 16:42:03.982 ==Processing time:0 ms==
20151125 16:42:03.983 ==Processing time:1 ms==
20151125 16:42:03.983 ccas.Mysql:getDataSource,jndi:java:comp/env/jdbc/mydb
20151125 16:42:04.003 getDataSource(java:comp/env/jdbc/mydb) error: javax.naming.NoInitialContextException: Need to specify class name in environment or system property, or as an applet parameter, or in an application resource file:  java.naming.factory.initial
20151125 16:42:04.004 ==Processing time:22 ms==
20151125 16:42:04.005 Mysql init1 error: java.lang.NullPointerException
20151125 16:42:04.005 java.lang.NullPointerException
20151125 16:42:04.005 ccas.Mysql:getDataSource,jndi:java:comp/env/jdbc/mydb
20151125 16:42:04.006 ccas.Mysql:getRowSql:1246:select C_ROLE as cunm,c_time as cldt,C_ADVICETYPE as idtp,I_SENDCOUNT as num,I_SENDINTERVAL as anum from T_ADVICEPOLICY where C_TERMID<=' ' and C_CODE='A0812'
20151125 16:42:04.007 ==Processing time:2 ms==
20151125 16:42:04.007 getDataSource(java:comp/env/jdbc/mydb) error: javax.naming.NoInitialContextException: Need to specify class name in environment or system property, or as an applet parameter, or in an application resource file:  java.naming.factory.initial
20151125 16:42:04.007 ==Processing time:2 ms==
20151125 16:42:04.008 Mysql init1 error: java.lang.NullPointerException
20151125 16:42:04.008 java.lang.NullPointerException
20151125 16:42:04.009 ccas.Mysql:getRowSql:1246:select C_ROLE as cunm,c_time as cldt,C_ADVICETYPE as idtp,I_SENDCOUNT as num,I_SENDINTERVAL as anum from T_ADVICEPOLICY where C_TERMID<=' ' and C_CODE='A0812'
20151125 16:42:04.009 ==Processing time:1 ms==
20151125 16:42:04.010 ccas.Mysql:getDataSource,jndi:java:comp/env/jdbc/mydb
20151125 16:42:04.010 getDataSource(java:comp/env/jdbc/mydb) error: javax.naming.NoInitialContextException: Need to specify class name in environment or system property, or as an applet parameter, or in an application resource file:  java.naming.factory.initial
20151125 16:42:04.011 ==Processing time:3 ms==
20151125 16:42:04.011 Mysql init1 error: java.lang.NullPointerException
20151125 16:42:04.011 java.lang.NullPointerException
20151125 16:42:04.012 ccas.Mysql:getDataSource,jndi:java:comp/env/jdbc/mydb
20151125 16:42:04.012 getDataSource(java:comp/env/jdbc/mydb) error: javax.naming.NoInitialContextException: Need to specify class name in environment or system property, or as an applet parameter, or in an application resource file:  java.naming.factory.initial
20151125 16:42:04.013 ==Processing time:2 ms==
20151125 16:42:04.013 Mysql init1 error: java.lang.NullPointerException
20151125 16:42:04.014 ccas.Mysql:getRowSql:1246:select C_ROLE as cunm,c_time as cldt,C_ADVICETYPE as idtp,I_SENDCOUNT as num,I_SENDINTERVAL as anum from T_ADVICEPOLICY where C_TERMID='10000010' and C_CODE='A0811'
20151125 16:42:04.014 java.lang.NullPointerException
20151125 16:42:04.015 ccas.Mysql:getRowSql:1246:select C_ROLE as cunm,c_time as cldt,C_ADVICETYPE as idtp,I_SENDCOUNT as num,I_SENDINTERVAL as anum from T_ADVICEPOLICY where C_TERMID='10000010' and C_CODE='A0811'
20151125 16:42:04.015 ==Processing time:4 ms==
20151125 16:42:04.015 ccas.Mysql:getDataSource,jndi:java:comp/env/jdbc/mydb
20151125 16:42:04.016 getDataSource(java:comp/env/jdbc/mydb) error: javax.naming.NoInitialContextException: Need to specify class name in environment or system property, or as an applet parameter, or in an application resource file:  java.naming.factory.initial
20151125 16:42:04.016 ==Processing time:1 ms==
20151125 16:42:04.017 Mysql init1 error: java.lang.NullPointerException
20151125 16:42:04.017 java.lang.NullPointerException
20151125 16:42:04.018 ccas.Mysql:getRowSql:1246:select C_ROLE as cunm,c_time as cldt,C_ADVICETYPE as idtp,I_SENDCOUNT as num,I_SENDINTERVAL as anum from T_ADVICEPOLICY where C_TERMID<=' ' and C_CODE='A0811'
20151125 16:42:04.018 ==Processing time:3 ms==
20151125 16:42:04.019 ==Processing time:4 ms==
20151125 16:42:04.024 ==Processing time:3 ms==
20151125 16:42:56.320 Can go to 10002
20151125 16:42:56.321 In the Status is [58] parts
20151125 16:42:56.322 Value at [0] is [10002]
20151125 16:42:56.323 Value at [1] is [0402]
20151125 16:42:56.324 Value at [2] is [01G21L]
20151125 16:42:56.325 Value at [3] is [10000010]
20151125 16:42:56.326 Value at [4] is [0]
20151125 16:42:56.327 Value at [5] is [Admin]
20151125 16:42:56.328 Value at [6] is [0]
20151125 16:42:56.328 Value at [7] is [ ]
20151125 16:42:56.329 Value at [8] is [0]
20151125 16:42:56.330 Value at [9] is [ ]
20151125 16:42:56.331 Value at [10] is [3]
20151125 16:42:56.332 Value at [11] is [ ]
20151125 16:42:56.333 Value at [12] is [0]
20151125 16:42:56.334 Value at [13] is [ ]
20151125 16:42:56.334 Value at [14] is [3]
20151125 16:42:56.335 Value at [15] is [ ]
20151125 16:42:56.340 Value at [16] is [0]
20151125 16:42:56.341 Value at [17] is [ ]
20151125 16:42:56.342 Value at [18] is [0]
20151125 16:42:56.343 Value at [19] is [ ]
20151125 16:42:56.344 Value at [20] is [3]
20151125 16:42:56.345 Value at [21] is [ ]
20151125 16:42:56.345 Value at [22] is [0]
20151125 16:42:56.346 Value at [23] is [ ]
20151125 16:42:56.347 Value at [24] is [0]
20151125 16:42:56.348 Value at [25] is [ ]
20151125 16:42:56.349 Value at [26] is [0]
20151125 16:42:56.350 Value at [27] is [ ]
20151125 16:42:56.350 Value at [28] is [0]
20151125 16:42:56.351 Value at [29] is [ ]
20151125 16:42:56.352 Value at [30] is [0]
20151125 16:42:56.353 Value at [31] is [ ]
20151125 16:42:56.354 Value at [32] is [0]
20151125 16:42:56.355 Value at [33] is [ ]
20151125 16:42:56.355 Value at [34] is [9]
20151125 16:42:56.356 Value at [35] is [ ]
20151125 16:42:56.357 Value at [36] is [00013]
20151125 16:42:56.358 Value at [37] is [3]
20151125 16:42:56.359 Value at [38] is [ ]
20151125 16:42:56.360 Value at [39] is [023]
20151125 16:42:56.360 Value at [40] is [1$2$1$2$3$3$]
20151125 16:42:56.361 Value at [41] is [0$0$0$0$0$0$]
20151125 16:42:56.362 Value at [42] is [20000$100000$50000$500000$0$0$]
20151125 16:42:56.363 Value at [43] is [VND$VND$VND$VND$VND$VND$]
20151125 16:42:56.363 Value at [44] is [100$0$300$166$0$0$]
20151125 16:42:56.364 Value at [45] is [0$0$0$0$0$0$]
20151125 16:42:56.365 Value at [46] is [0$0$88$0$0$0$]
20151125 16:42:56.366 Value at [47] is [20130926120000]
20151125 16:42:56.366 Value at [48] is [20130926120000]
20151125 16:42:56.367 Value at [49] is [0$0$0$0$0$0$]
20151125 16:42:56.368 Value at [50] is [010]
20151125 16:42:56.369 Value at [51] is [5$0$2$3$0$0$]
20151125 16:42:56.369 Value at [52] is [0$0$0$0$0$0$]
20151125 16:42:56.370 Value at [53] is []
20151125 16:42:56.371 Value at [54] is []
20151125 16:42:56.372 Value at [55] is []
20151125 16:42:56.373 Value at [56] is []
20151125 16:42:56.373 Value at [57] is []
20151125 16:42:56.374 In the Status 2 is [58] parts
20151125 16:42:56.798 Event Connect
20151125 16:42:56.816 Connect User: [feel]
20151125 16:42:56.827 jdbc 2.0:retNum=[3]6
20151125 16:42:56.832 sql=[select C_TERMID as tmid,c_time as opdt,c_code as uscd,c_msg as clnm,C_SOLVE_TIME as cuno,C_USERID as cdtp from T_TML_EVENT where (C_SOLVE_MSG <=' ' or C_SOLVE_MSG is null) and (C_USERID <'A' or C_USERID is null)]
20151125 16:42:56.833 ccas.Mysql:selectSql:2749:3
20151125 16:42:56.834 ==Processing time:19 ms==
20151125 16:42:56.834 ==Processing time:19 ms==
20151125 16:42:56.910 Jdbc-Url:jdbc:oracle:thin:@192.168.11.186:1521:feel
20151125 16:42:56.911 DataSource init successful,DriverName=Oracle JDBC driver,11.1.0.7.0-Production
20151125 16:42:56.912 Product Version=Oracle Database 10g Enterprise Edition Release 10.2.0.1.0 - Production
With the Partitioning, OLAP and Data Mining options,dbtype=oracle,dbname=feel
20151125 16:42:56.921 e=java.sql.SQLException: No ResultSet
20151125 16:42:56.922 ,errorcode=0
20151125 16:42:56.923 ,getMessage=No ResultSet
20151125 16:42:56.923 ,Exception=java.sql.SQLException: No ResultSet
20151125 16:42:56.924 sql=[null]5
20151125 16:42:56.925 where=null
20151125 16:42:56.926 ccas.Mysql:getValueFromMetaRst:1207,conum=[5]...
20151125 16:42:56.927 ==Processing time:92 ms==
20151125 16:42:56.927 ccas.Mysql:getRowSql:1246:select C_ROLE as cunm,c_time as cldt,C_ADVICETYPE as idtp,I_SENDCOUNT as num,I_SENDINTERVAL as anum from T_ADVICEPOLICY where C_TERMID='10000010' and C_CODE='A0812'
20151125 16:42:56.928 ==Processing time:93 ms==
20151125 16:42:56.928 ==Processing time:93 ms==
20151125 16:42:56.935 e=java.sql.SQLException: No ResultSet
20151125 16:42:56.936 ,errorcode=0
20151125 16:42:56.936 ,getMessage=No ResultSet
20151125 16:42:56.937 ,Exception=java.sql.SQLException: No ResultSet
20151125 16:42:56.937 sql=[null]5
20151125 16:42:56.938 where=null
20151125 16:42:56.939 ccas.Mysql:getValueFromMetaRst:1207,conum=[5]...
20151125 16:42:56.939 ==Processing time:10 ms==
20151125 16:42:56.940 ccas.Mysql:getRowSql:1246:select C_ROLE as cunm,c_time as cldt,C_ADVICETYPE as idtp,I_SENDCOUNT as num,I_SENDINTERVAL as anum from T_ADVICEPOLICY where C_TERMID<=' ' and C_CODE='A0812'
20151125 16:42:56.940 ==Processing time:11 ms==
20151125 16:42:56.941 ==Processing time:12 ms==
20151125 16:42:56.965 ccas.Mysql:getValueFromMetaRst:1207,conum=[5]...
20151125 16:42:56.966 ==Processing time:25 ms==
20151125 16:42:56.966 ccas.Mysql:getRowSql:1246:select C_ROLE as cunm,c_time as cldt,C_ADVICETYPE as idtp,I_SENDCOUNT as num,I_SENDINTERVAL as anum from T_ADVICEPOLICY where C_TERMID='10000010' and C_CODE='A0811'
20151125 16:42:56.967 ==Processing time:26 ms==
20151125 16:42:56.967 ==Processing time:26 ms==
20151125 16:42:56.971 e=java.sql.SQLException: No ResultSet
20151125 16:42:56.972 ,errorcode=0
20151125 16:42:56.972 ,getMessage=No ResultSet
20151125 16:42:56.972 ,Exception=java.sql.SQLException: No ResultSet
20151125 16:42:56.973 sql=[null]5
20151125 16:42:56.973 where=null
20151125 16:42:56.974 ccas.Mysql:getValueFromMetaRst:1207,conum=[5]...
20151125 16:42:56.974 ==Processing time:5 ms==
20151125 16:42:56.975 ccas.Mysql:getRowSql:1246:select C_ROLE as cunm,c_time as cldt,C_ADVICETYPE as idtp,I_SENDCOUNT as num,I_SENDINTERVAL as anum from T_ADVICEPOLICY where C_TERMID='10000010' and C_CODE='A0812'
20151125 16:42:56.975 ==Processing time:6 ms==
20151125 16:42:56.976 ==Processing time:7 ms==
20151125 16:42:56.979 e=java.sql.SQLException: No ResultSet
20151125 16:42:56.979 ,errorcode=0
20151125 16:42:56.980 ,getMessage=No ResultSet
20151125 16:42:56.980 ,Exception=java.sql.SQLException: No ResultSet
20151125 16:42:56.980 sql=[null]5
20151125 16:42:56.981 where=null
20151125 16:42:56.981 ccas.Mysql:getValueFromMetaRst:1207,conum=[5]...
20151125 16:42:56.982 ==Processing time:6 ms==
20151125 16:42:56.982 ccas.Mysql:getRowSql:1246:select C_ROLE as cunm,c_time as cldt,C_ADVICETYPE as idtp,I_SENDCOUNT as num,I_SENDINTERVAL as anum from T_ADVICEPOLICY where C_TERMID<=' ' and C_CODE='A0812'
20151125 16:42:56.983 ==Processing time:7 ms==
20151125 16:42:56.983 ==Processing time:7 ms==
20151125 16:42:56.983 ==Processing time:7 ms==
